<?xml version="1.0" encoding="UTF-8"?>
<!-- Generated by org.testng.reporters.JUnitReportReporter -->
<testsuite hostname="AKM_Laptop" failures="0" tests="3" name="runner_files.Test_Runner_TestNG" time="11.600" errors="0" timestamp="2024-02-10T13:23:37 EST" skipped="0">
  <testcase classname="runner_files.Test_Runner_TestNG" name="runScenario" time="4.427"/>
  <testcase classname="runner_files.Test_Runner_TestNG" name="runScenario" time="3.351"/>
  <testcase classname="runner_files.Test_Runner_TestNG" name="runScenario" time="3.822"/>
</testsuite> <!-- runner_files.Test_Runner_TestNG -->
