<?xml version="1.0" encoding="UTF-8"?>
<!-- Generated by org.testng.reporters.JUnitReportReporter -->
<testsuite hostname="AKM_Laptop" failures="0" tests="21" name="runner_files.Test_Runner_TestNG" time="92.024" errors="0" timestamp="2024-02-10T15:16:29 EST" skipped="0">
  <testcase classname="runner_files.Test_Runner_TestNG" name="runScenario" time="3.802"/>
  <testcase classname="runner_files.Test_Runner_TestNG" name="runScenario" time="3.967"/>
  <testcase classname="runner_files.Test_Runner_TestNG" name="runScenario" time="4.266"/>
  <testcase classname="runner_files.Test_Runner_TestNG" name="runScenario" time="4.111"/>
  <testcase classname="runner_files.Test_Runner_TestNG" name="runScenario" time="5.140"/>
  <testcase classname="runner_files.Test_Runner_TestNG" name="runScenario" time="4.814"/>
  <testcase classname="runner_files.Test_Runner_TestNG" name="runScenario" time="5.067"/>
  <testcase classname="runner_files.Test_Runner_TestNG" name="runScenario" time="4.599"/>
  <testcase classname="runner_files.Test_Runner_TestNG" name="runScenario" time="4.418"/>
  <testcase classname="runner_files.Test_Runner_TestNG" name="runScenario" time="4.178"/>
  <testcase classname="runner_files.Test_Runner_TestNG" name="runScenario" time="3.808"/>
  <testcase classname="runner_files.Test_Runner_TestNG" name="runScenario" time="4.871"/>
  <testcase classname="runner_files.Test_Runner_TestNG" name="runScenario" time="4.442"/>
  <testcase classname="runner_files.Test_Runner_TestNG" name="runScenario" time="3.537"/>
  <testcase classname="runner_files.Test_Runner_TestNG" name="runScenario" time="5.388"/>
  <testcase classname="runner_files.Test_Runner_TestNG" name="runScenario" time="4.425"/>
  <testcase classname="runner_files.Test_Runner_TestNG" name="runScenario" time="4.285"/>
  <testcase classname="runner_files.Test_Runner_TestNG" name="runScenario" time="4.165"/>
  <testcase classname="runner_files.Test_Runner_TestNG" name="runScenario" time="4.197"/>
  <testcase classname="runner_files.Test_Runner_TestNG" name="runScenario" time="3.604"/>
  <testcase classname="runner_files.Test_Runner_TestNG" name="runScenario" time="4.940"/>
</testsuite> <!-- runner_files.Test_Runner_TestNG -->
